<?xml version="1.0" encoding="UTF-8"?>
<testng-results skipped="0" failed="0" ignored="0" total="1" passed="1">
  <reporter-output>
  </reporter-output>
  <suite name="Default suite" duration-ms="2261" started-at="2020-05-22T11:12:21Z" finished-at="2020-05-22T11:12:24Z">
    <groups>
    </groups>
    <test name="Default test" duration-ms="2261" started-at="2020-05-22T11:12:21Z" finished-at="2020-05-22T11:12:24Z">
      <class name="studentApiTest.GetApiTests">
        <test-method status="PASS" signature="basetest()[pri:0, instance:studentApiTest.GetApiTests@184cf7cf]" name="basetest" is-config="true" duration-ms="546" started-at="2020-05-22T16:42:22Z" finished-at="2020-05-22T16:42:22Z">
          <reporter-output>
          </reporter-output>
        </test-method> <!-- basetest -->
        <test-method status="PASS" signature="getApiTest()[pri:0, instance:studentApiTest.GetApiTests@184cf7cf]" name="getApiTest" duration-ms="1362" started-at="2020-05-22T16:42:22Z" finished-at="2020-05-22T16:42:24Z">
          <reporter-output>
          </reporter-output>
        </test-method> <!-- getApiTest -->
      </class> <!-- studentApiTest.GetApiTests -->
    </test> <!-- Default test -->
  </suite> <!-- Default suite -->
</testng-results>
